<beans xmlns="http://www.springframework.org/schema/beans"
	xmlns:xsi="http://www.w3.org/2001/XMLSchema-instance" 
	xmlns:jdbc="http://www.springframework.org/schema/jdbc"
	xmlns:context="http://www.springframework.org/schema/context"
	xsi:schemaLocation="http://www.springframework.org/schema/beans	
	http://www.springframework.org/schema/beans/spring-beans-3.0.xsd
	http://www.springframework.org/schema/context 
	http://www.springframework.org/schema/context/spring-context-3.1.xsd
	http://www.springframework.org/schema/jdbc 
	http://www.springframework.org/schema/jdbc/spring-jdbc-3.0.xsd">

   <jdbc:embedded-database id="embeddedDataSource" type="HSQL">
        <jdbc:script location="classpath:schema.sql"/>
    </jdbc:embedded-database>

	<bean id="cheques"
		class="org.alexbezverkhniy.csvloader.dbloader.BaseDatabaseLoader">
		<property name="driverClassName" value="org.h2.Driver" />
		<property name="url" value="jdbc:h2:tcp://localhost/~/test" />
		<property name="username" value="sa" />
		<property name="userpassword" value="" />
		<property name="seprator" value=";" />
		<property name="tableName" value="public.cheques" />
		<property name="columnNames" value="ID, NUMBER, SUMM, BONUS, CREATE_DATE" />
		<property name="dateFormat" value="yyyy-MM-dd" />
		<property name="dataSource" ref="embeddedDataSource" />
	</bean>

	<context:property-placeholder location="jdbc.properties" />

</beans>
